05-Jul-2019 17:08:34.571 信息 [main] org.apache.catalina.core.ApplicationContext.log ContextListener: contextInitialized()
05-Jul-2019 17:08:34.571 信息 [main] org.apache.catalina.core.ApplicationContext.log SessionListener: contextInitialized()
05-Jul-2019 17:08:34.572 信息 [main] org.apache.catalina.core.ApplicationContext.log ContextListener: attributeAdded('StockTicker', 'async.Stockticker@2d3379b4')
05-Jul-2019 18:31:47.102 信息 [Catalina-utility-2] org.apache.catalina.core.ApplicationContext.log Marking servlet [hello_world] as unavailable
05-Jul-2019 18:31:47.103 严重 [Catalina-utility-2] org.apache.catalina.core.StandardContext.loadOnStartup Servlet [hello_world] in web application [] threw load() exception
	java.lang.ClassNotFoundException: demo.HelloServlet
		at org.apache.catalina.loader.WebappClassLoaderBase.loadClass(WebappClassLoaderBase.java:1365)
		at org.apache.catalina.loader.WebappClassLoaderBase.loadClass(WebappClassLoaderBase.java:1188)
		at org.apache.catalina.core.DefaultInstanceManager.loadClass(DefaultInstanceManager.java:540)
		at org.apache.catalina.core.DefaultInstanceManager.loadClassMaybePrivileged(DefaultInstanceManager.java:521)
		at org.apache.catalina.core.DefaultInstanceManager.newInstance(DefaultInstanceManager.java:150)
		at org.apache.catalina.core.StandardWrapper.loadServlet(StandardWrapper.java:1030)
		at org.apache.catalina.core.StandardWrapper.load(StandardWrapper.java:971)
		at org.apache.catalina.core.StandardContext.loadOnStartup(StandardContext.java:4868)
		at org.apache.catalina.core.StandardContext.startInternal(StandardContext.java:5177)
		at org.apache.catalina.util.LifecycleBase.start(LifecycleBase.java:183)
		at org.apache.catalina.core.StandardContext.reload(StandardContext.java:3755)
		at org.apache.catalina.loader.WebappLoader.backgroundProcess(WebappLoader.java:292)
		at org.apache.catalina.core.StandardContext.backgroundProcess(StandardContext.java:5527)
		at org.apache.catalina.core.ContainerBase$ContainerBackgroundProcessor.processChildren(ContainerBase.java:1353)
		at org.apache.catalina.core.ContainerBase$ContainerBackgroundProcessor.processChildren(ContainerBase.java:1357)
		at org.apache.catalina.core.ContainerBase$ContainerBackgroundProcessor.processChildren(ContainerBase.java:1357)
		at org.apache.catalina.core.ContainerBase$ContainerBackgroundProcessor.run(ContainerBase.java:1335)
		at java.util.concurrent.Executors$RunnableAdapter.call(Executors.java:511)
		at java.util.concurrent.FutureTask.runAndReset(FutureTask.java:308)
		at java.util.concurrent.ScheduledThreadPoolExecutor$ScheduledFutureTask.access$301(ScheduledThreadPoolExecutor.java:180)
		at java.util.concurrent.ScheduledThreadPoolExecutor$ScheduledFutureTask.run(ScheduledThreadPoolExecutor.java:294)
		at java.util.concurrent.ThreadPoolExecutor.runWorker(ThreadPoolExecutor.java:1149)
		at java.util.concurrent.ThreadPoolExecutor$Worker.run(ThreadPoolExecutor.java:624)
		at org.apache.tomcat.util.threads.TaskThread$WrappingRunnable.run(TaskThread.java:61)
		at java.lang.Thread.run(Thread.java:748)
05-Jul-2019 18:34:47.188 严重 [Catalina-utility-1] org.apache.catalina.core.StandardContext.filterStart 启动过滤器异常
	java.lang.ClassNotFoundException: demo.HelloFilter
		at org.apache.catalina.loader.WebappClassLoaderBase.loadClass(WebappClassLoaderBase.java:1365)
		at org.apache.catalina.loader.WebappClassLoaderBase.loadClass(WebappClassLoaderBase.java:1188)
		at org.apache.catalina.core.DefaultInstanceManager.loadClass(DefaultInstanceManager.java:540)
		at org.apache.catalina.core.DefaultInstanceManager.loadClassMaybePrivileged(DefaultInstanceManager.java:521)
		at org.apache.catalina.core.DefaultInstanceManager.newInstance(DefaultInstanceManager.java:150)
		at org.apache.catalina.core.ApplicationFilterConfig.getFilter(ApplicationFilterConfig.java:249)
		at org.apache.catalina.core.ApplicationFilterConfig.<init>(ApplicationFilterConfig.java:102)
		at org.apache.catalina.core.StandardContext.filterStart(StandardContext.java:4530)
		at org.apache.catalina.core.StandardContext.startInternal(StandardContext.java:5169)
		at org.apache.catalina.util.LifecycleBase.start(LifecycleBase.java:183)
		at org.apache.catalina.core.StandardContext.reload(StandardContext.java:3755)
		at org.apache.catalina.loader.WebappLoader.backgroundProcess(WebappLoader.java:292)
		at org.apache.catalina.core.StandardContext.backgroundProcess(StandardContext.java:5527)
		at org.apache.catalina.core.ContainerBase$ContainerBackgroundProcessor.processChildren(ContainerBase.java:1353)
		at org.apache.catalina.core.ContainerBase$ContainerBackgroundProcessor.processChildren(ContainerBase.java:1357)
		at org.apache.catalina.core.ContainerBase$ContainerBackgroundProcessor.processChildren(ContainerBase.java:1357)
		at org.apache.catalina.core.ContainerBase$ContainerBackgroundProcessor.run(ContainerBase.java:1335)
		at java.util.concurrent.Executors$RunnableAdapter.call(Executors.java:511)
		at java.util.concurrent.FutureTask.runAndReset(FutureTask.java:308)
		at java.util.concurrent.ScheduledThreadPoolExecutor$ScheduledFutureTask.access$301(ScheduledThreadPoolExecutor.java:180)
		at java.util.concurrent.ScheduledThreadPoolExecutor$ScheduledFutureTask.run(ScheduledThreadPoolExecutor.java:294)
		at java.util.concurrent.ThreadPoolExecutor.runWorker(ThreadPoolExecutor.java:1149)
		at java.util.concurrent.ThreadPoolExecutor$Worker.run(ThreadPoolExecutor.java:624)
		at org.apache.tomcat.util.threads.TaskThread$WrappingRunnable.run(TaskThread.java:61)
		at java.lang.Thread.run(Thread.java:748)
05-Jul-2019 18:35:29.731 信息 [Thread-4] org.apache.catalina.core.ApplicationContext.log SessionListener: contextDestroyed()
05-Jul-2019 18:35:29.732 信息 [Thread-4] org.apache.catalina.core.ApplicationContext.log ContextListener: contextDestroyed()
05-Jul-2019 18:35:37.362 信息 [main] org.apache.catalina.core.ApplicationContext.log ContextListener: contextInitialized()
05-Jul-2019 18:35:37.362 信息 [main] org.apache.catalina.core.ApplicationContext.log SessionListener: contextInitialized()
05-Jul-2019 18:35:37.364 信息 [main] org.apache.catalina.core.ApplicationContext.log ContextListener: attributeAdded('StockTicker', 'async.Stockticker@2d3379b4')
05-Jul-2019 18:40:11.545 严重 [http-nio-8080-exec-4] org.apache.catalina.core.StandardWrapperValve.invoke Servlet.service() for servlet [hello_world] in context with path [] threw exception
	java.lang.ClassCastException: [Ljava.lang.String; cannot be cast to java.lang.String
		at demo.HelloServlet.service(HelloServlet.java:25)
		at javax.servlet.http.HttpServlet.service(HttpServlet.java:741)
		at org.apache.catalina.core.ApplicationFilterChain.internalDoFilter(ApplicationFilterChain.java:231)
		at org.apache.catalina.core.ApplicationFilterChain.doFilter(ApplicationFilterChain.java:166)
		at org.apache.tomcat.websocket.server.WsFilter.doFilter(WsFilter.java:53)
		at org.apache.catalina.core.ApplicationFilterChain.internalDoFilter(ApplicationFilterChain.java:193)
		at org.apache.catalina.core.ApplicationFilterChain.doFilter(ApplicationFilterChain.java:166)
		at demo.HelloFilter.doFilter(HelloFilter.java:25)
		at org.apache.catalina.core.ApplicationFilterChain.internalDoFilter(ApplicationFilterChain.java:193)
		at org.apache.catalina.core.ApplicationFilterChain.doFilter(ApplicationFilterChain.java:166)
		at org.apache.catalina.core.StandardWrapperValve.invoke(StandardWrapperValve.java:202)
		at org.apache.catalina.core.StandardContextValve.invoke(StandardContextValve.java:96)
		at org.apache.catalina.authenticator.AuthenticatorBase.invoke(AuthenticatorBase.java:490)
		at org.apache.catalina.core.StandardHostValve.invoke(StandardHostValve.java:139)
		at org.apache.catalina.valves.ErrorReportValve.invoke(ErrorReportValve.java:92)
		at org.apache.catalina.core.StandardEngineValve.invoke(StandardEngineValve.java:74)
		at org.apache.catalina.connector.CoyoteAdapter.service(CoyoteAdapter.java:343)
		at org.apache.coyote.http11.Http11Processor.service(Http11Processor.java:408)
		at org.apache.coyote.AbstractProcessorLight.process(AbstractProcessorLight.java:66)
		at org.apache.coyote.AbstractProtocol$ConnectionHandler.process(AbstractProtocol.java:853)
		at org.apache.tomcat.util.net.NioEndpoint$SocketProcessor.doRun(NioEndpoint.java:1587)
		at org.apache.tomcat.util.net.SocketProcessorBase.run(SocketProcessorBase.java:49)
		at java.util.concurrent.ThreadPoolExecutor.runWorker(ThreadPoolExecutor.java:1149)
		at java.util.concurrent.ThreadPoolExecutor$Worker.run(ThreadPoolExecutor.java:624)
		at org.apache.tomcat.util.threads.TaskThread$WrappingRunnable.run(TaskThread.java:61)
		at java.lang.Thread.run(Thread.java:748)
05-Jul-2019 18:48:21.532 信息 [Thread-4] org.apache.catalina.core.ApplicationContext.log SessionListener: contextDestroyed()
05-Jul-2019 18:48:21.532 信息 [Thread-4] org.apache.catalina.core.ApplicationContext.log ContextListener: contextDestroyed()
05-Jul-2019 18:53:12.185 信息 [main] org.apache.catalina.core.ApplicationContext.log ContextListener: contextInitialized()
05-Jul-2019 18:53:12.185 信息 [main] org.apache.catalina.core.ApplicationContext.log SessionListener: contextInitialized()
05-Jul-2019 18:53:12.186 信息 [main] org.apache.catalina.core.ApplicationContext.log ContextListener: attributeAdded('StockTicker', 'async.Stockticker@618b19ad')
05-Jul-2019 18:53:17.423 信息 [Thread-4] org.apache.catalina.core.ApplicationContext.log SessionListener: contextDestroyed()
05-Jul-2019 18:53:17.423 信息 [Thread-4] org.apache.catalina.core.ApplicationContext.log ContextListener: contextDestroyed()
